<?xml version="1.0" encoding="UTF-8"?>
<testng-results skipped="0" failed="0" ignored="0" total="1" passed="1">
  <reporter-output>
  </reporter-output>
  <suite name="Default suite" duration-ms="158335" started-at="2019-05-08T21:04:05Z" finished-at="2019-05-08T21:06:43Z">
    <groups>
    </groups>
    <test name="Default test" duration-ms="158335" started-at="2019-05-08T21:04:05Z" finished-at="2019-05-08T21:06:43Z">
      <class name="script.getUrls">
        <test-method status="PASS" signature="extentOpen()[pri:0, instance:script.getUrls@661972b0]" name="extentOpen" is-config="true" duration-ms="233" started-at="2019-05-08T21:04:05Z" finished-at="2019-05-08T21:04:05Z">
          <reporter-output>
          </reporter-output>
        </test-method> <!-- extentOpen -->
        <test-method status="PASS" signature="open()[pri:0, instance:script.getUrls@661972b0]" name="open" is-config="true" duration-ms="13124" started-at="2019-05-08T21:04:05Z" finished-at="2019-05-08T21:04:18Z">
          <reporter-output>
          </reporter-output>
        </test-method> <!-- open -->
        <test-method status="PASS" signature="find()[pri:0, instance:script.getUrls@661972b0]" name="find" duration-ms="144485" started-at="2019-05-08T21:04:18Z" finished-at="2019-05-08T21:06:43Z">
          <reporter-output>
          </reporter-output>
        </test-method> <!-- find -->
        <test-method status="PASS" signature="close()[pri:0, instance:script.getUrls@661972b0]" name="close" is-config="true" duration-ms="692" started-at="2019-05-08T21:06:43Z" finished-at="2019-05-08T21:06:43Z">
          <reporter-output>
          </reporter-output>
        </test-method> <!-- close -->
        <test-method status="PASS" signature="extentClose()[pri:0, instance:script.getUrls@661972b0]" name="extentClose" is-config="true" duration-ms="3" started-at="2019-05-08T21:06:44Z" finished-at="2019-05-08T21:06:44Z">
          <reporter-output>
          </reporter-output>
        </test-method> <!-- extentClose -->
      </class> <!-- script.getUrls -->
    </test> <!-- Default test -->
  </suite> <!-- Default suite -->
</testng-results>
