<?xml version="1.0" encoding="UTF-8"?>
<testng-results skipped="0" failed="0" ignored="0" total="1" passed="1">
  <reporter-output>
  </reporter-output>
  <suite name="Default suite" duration-ms="162062" started-at="2019-04-18T20:44:39Z" finished-at="2019-04-18T20:47:21Z">
    <groups>
    </groups>
    <test name="Default test" duration-ms="162062" started-at="2019-04-18T20:44:39Z" finished-at="2019-04-18T20:47:21Z">
      <class name="scripts.getUrls">
        <test-method status="PASS" signature="extentOpen()[pri:0, instance:scripts.getUrls@239963d8]" name="extentOpen" is-config="true" duration-ms="387" started-at="2019-04-18T20:44:38Z" finished-at="2019-04-18T20:44:39Z">
          <reporter-output>
          </reporter-output>
        </test-method> <!-- extentOpen -->
        <test-method status="PASS" signature="open()[pri:0, instance:scripts.getUrls@239963d8]" name="open" is-config="true" duration-ms="15556" started-at="2019-04-18T20:44:39Z" finished-at="2019-04-18T20:44:54Z">
          <reporter-output>
          </reporter-output>
        </test-method> <!-- open -->
        <test-method status="PASS" signature="find()[pri:0, instance:scripts.getUrls@239963d8]" name="find" duration-ms="145349" started-at="2019-04-18T20:44:54Z" finished-at="2019-04-18T20:47:19Z">
          <reporter-output>
          </reporter-output>
        </test-method> <!-- find -->
        <test-method status="PASS" signature="close()[pri:0, instance:scripts.getUrls@239963d8]" name="close" is-config="true" duration-ms="1120" started-at="2019-04-18T20:47:19Z" finished-at="2019-04-18T20:47:21Z">
          <reporter-output>
          </reporter-output>
        </test-method> <!-- close -->
        <test-method status="PASS" signature="extentClose()[pri:0, instance:scripts.getUrls@239963d8]" name="extentClose" is-config="true" duration-ms="17" started-at="2019-04-18T20:47:21Z" finished-at="2019-04-18T20:47:21Z">
          <reporter-output>
          </reporter-output>
        </test-method> <!-- extentClose -->
      </class> <!-- scripts.getUrls -->
    </test> <!-- Default test -->
  </suite> <!-- Default suite -->
</testng-results>
