<?xml version="1.0" encoding="UTF-8"?>
<testng-results skipped="0" failed="0" ignored="0" total="1" passed="1">
  <reporter-output>
  </reporter-output>
  <suite name="Default suite" duration-ms="14858" started-at="2019-04-29T18:36:45Z" finished-at="2019-04-29T18:37:00Z">
    <groups>
    </groups>
    <test name="Default test" duration-ms="14858" started-at="2019-04-29T18:36:45Z" finished-at="2019-04-29T18:37:00Z">
      <class name="testScripts.getImg">
        <test-method status="PASS" signature="open()[pri:0, instance:testScripts.getImg@5be6e01c]" name="open" is-config="true" duration-ms="10786" started-at="2019-04-29T18:36:45Z" finished-at="2019-04-29T18:36:55Z">
          <reporter-output>
          </reporter-output>
        </test-method> <!-- open -->
        <test-method status="PASS" signature="findImg()[pri:0, instance:testScripts.getImg@5be6e01c]" name="findImg" duration-ms="3277" started-at="2019-04-29T18:36:56Z" finished-at="2019-04-29T18:36:59Z">
          <reporter-output>
          </reporter-output>
        </test-method> <!-- findImg -->
        <test-method status="PASS" signature="close()[pri:0, instance:testScripts.getImg@5be6e01c]" name="close" is-config="true" duration-ms="734" started-at="2019-04-29T18:36:59Z" finished-at="2019-04-29T18:37:00Z">
          <reporter-output>
          </reporter-output>
        </test-method> <!-- close -->
      </class> <!-- testScripts.getImg -->
    </test> <!-- Default test -->
  </suite> <!-- Default suite -->
</testng-results>
