<?xml version="1.0" encoding="UTF-8"?>
<testng-results ignored="14" total="22" passed="8" failed="0" skipped="0">
  <reporter-output>
  </reporter-output>
  <suite started-at="2019-08-22T17:15:54Z" name="Suite" finished-at="2019-08-22T17:17:08Z" duration-ms="74273">
    <groups>
    </groups>
    <test started-at="2019-08-22T17:15:54Z" name="Test" finished-at="2019-08-22T17:17:08Z" duration-ms="74273">
      <class name="testCases.searchPg">
        <test-method is-config="true" signature="open()[pri:0, instance:testCases.searchPg@5edc70ed]" started-at="2019-08-22T17:15:41Z" name="open" finished-at="2019-08-22T17:15:54Z" duration-ms="12882" status="PASS">
          <reporter-output>
          </reporter-output>
        </test-method> <!-- open -->
        <test-method signature="search()[pri:0, instance:testCases.searchPg@5edc70ed]" started-at="2019-08-22T17:15:54Z" name="search" finished-at="2019-08-22T17:15:57Z" duration-ms="3302" status="PASS">
          <reporter-output>
          </reporter-output>
        </test-method> <!-- search -->
        <test-method is-config="true" signature="close()[pri:0, instance:testCases.searchPg@5edc70ed]" started-at="2019-08-22T17:17:08Z" name="close" finished-at="2019-08-22T17:17:09Z" duration-ms="840" status="PASS">
          <reporter-output>
          </reporter-output>
        </test-method> <!-- close -->
      </class> <!-- testCases.searchPg -->
      <class name="testCases.loginPg">
        <test-method signature="login()[pri:0, instance:testCases.loginPg@2ef0dd86]" started-at="2019-08-22T17:16:34Z" name="login" finished-at="2019-08-22T17:16:43Z" duration-ms="9464" status="PASS">
          <reporter-output>
          </reporter-output>
        </test-method> <!-- login -->
      </class> <!-- testCases.loginPg -->
      <class name="testCases.minicartPop">
        <test-method signature="miniCart()[pri:0, instance:testCases.minicartPop@6cd64b3f]" started-at="2019-08-22T17:16:10Z" name="miniCart" finished-at="2019-08-22T17:16:27Z" duration-ms="16867" status="PASS">
          <reporter-output>
          </reporter-output>
        </test-method> <!-- miniCart -->
      </class> <!-- testCases.minicartPop -->
      <class name="testCases.productPg">
        <test-method signature="product()[pri:0, instance:testCases.productPg@7e4c72d6]" started-at="2019-08-22T17:15:59Z" name="product" finished-at="2019-08-22T17:16:10Z" duration-ms="11721" status="PASS">
          <reporter-output>
          </reporter-output>
        </test-method> <!-- product -->
      </class> <!-- testCases.productPg -->
      <class name="testCases.listingPg">
        <test-method signature="listing()[pri:0, instance:testCases.listingPg@4317850d]" started-at="2019-08-22T17:15:57Z" name="listing" finished-at="2019-08-22T17:15:59Z" duration-ms="1837" status="PASS">
          <reporter-output>
          </reporter-output>
        </test-method> <!-- listing -->
      </class> <!-- testCases.listingPg -->
      <class name="testCases.cartPg">
        <test-method signature="cart()[pri:0, instance:testCases.cartPg@51b01550]" started-at="2019-08-22T17:16:27Z" name="cart" finished-at="2019-08-22T17:16:34Z" duration-ms="6508" status="PASS">
          <reporter-output>
          </reporter-output>
        </test-method> <!-- cart -->
      </class> <!-- testCases.cartPg -->
      <class name="testCases.accountPg">
        <test-method signature="account()[pri:0, instance:testCases.accountPg@6de6faa6]" started-at="2019-08-22T17:17:03Z" name="account" finished-at="2019-08-22T17:17:08Z" duration-ms="4353" status="PASS">
          <reporter-output>
          </reporter-output>
        </test-method> <!-- account -->
      </class> <!-- testCases.accountPg -->
      <class name="testCases.checkoutPg">
        <test-method signature="checkout()[pri:0, instance:testCases.checkoutPg@3337d04c]" started-at="2019-08-22T17:16:43Z" name="checkout" finished-at="2019-08-22T17:17:03Z" duration-ms="20132" status="PASS">
          <reporter-output>
          </reporter-output>
        </test-method> <!-- checkout -->
      </class> <!-- testCases.checkoutPg -->
    </test> <!-- Test -->
  </suite> <!-- Suite -->
</testng-results>
