<?xml version="1.0" encoding="UTF-8"?>
<testng-results ignored="4" total="7" passed="2" failed="1" skipped="0">
  <reporter-output>
  </reporter-output>
  <suite started-at="2019-07-27T20:17:55Z" name="Suite" finished-at="2019-07-27T20:18:08Z" duration-ms="13194">
    <groups>
    </groups>
    <test started-at="2019-07-27T20:17:55Z" name="Test" finished-at="2019-07-27T20:18:08Z" duration-ms="13194">
      <class name="testCases.searchPg">
        <test-method is-config="true" signature="open()[pri:0, instance:testCases.searchPg@35e26d05]" started-at="2019-07-27T20:17:43Z" name="open" finished-at="2019-07-27T20:17:55Z" duration-ms="11938" status="PASS">
          <reporter-output>
          </reporter-output>
        </test-method> <!-- open -->
        <test-method signature="search()[pri:0, instance:testCases.searchPg@35e26d05]" started-at="2019-07-27T20:17:55Z" name="search" finished-at="2019-07-27T20:18:00Z" duration-ms="4949" status="PASS">
          <reporter-output>
          </reporter-output>
        </test-method> <!-- search -->
        <test-method is-config="true" signature="close()[pri:0, instance:testCases.searchPg@35e26d05]" started-at="2019-07-27T20:18:09Z" name="close" finished-at="2019-07-27T20:18:09Z" duration-ms="225" status="PASS">
          <reporter-output>
          </reporter-output>
        </test-method> <!-- close -->
      </class> <!-- testCases.searchPg -->
      <class name="testCases.productPg">
        <test-method signature="product()[pri:0, instance:testCases.productPg@7c72ecc]" started-at="2019-07-27T20:18:04Z" name="product" finished-at="2019-07-27T20:18:08Z" duration-ms="4150" status="FAIL">
          <exception class="java.lang.IllegalArgumentException">
            <message>
              <![CDATA[bound must be positive]]>
            </message>
            <full-stacktrace>
              <![CDATA[java.lang.IllegalArgumentException: bound must be positive
at java.base/java.util.Random.nextInt(Random.java:388)
at pageModels.product_pg.swatches(product_pg.java:33)
at testCases.productPg.product(productPg.java:12)
at java.base/jdk.internal.reflect.NativeMethodAccessorImpl.invoke0(Native Method)
at java.base/jdk.internal.reflect.NativeMethodAccessorImpl.invoke(NativeMethodAccessorImpl.java:62)
at java.base/jdk.internal.reflect.DelegatingMethodAccessorImpl.invoke(DelegatingMethodAccessorImpl.java:43)
at java.base/java.lang.reflect.Method.invoke(Method.java:566)
at org.testng.internal.MethodInvocationHelper.invokeMethod(MethodInvocationHelper.java:124)
at org.testng.internal.Invoker.invokeMethod(Invoker.java:583)
at org.testng.internal.Invoker.invokeTestMethod(Invoker.java:719)
at org.testng.internal.Invoker.invokeTestMethods(Invoker.java:989)
at org.testng.internal.TestMethodWorker.invokeTestMethods(TestMethodWorker.java:125)
at org.testng.internal.TestMethodWorker.run(TestMethodWorker.java:109)
at org.testng.TestRunner.privateRun(TestRunner.java:648)
at org.testng.TestRunner.run(TestRunner.java:505)
at org.testng.SuiteRunner.runTest(SuiteRunner.java:455)
at org.testng.SuiteRunner.runSequentially(SuiteRunner.java:450)
at org.testng.SuiteRunner.privateRun(SuiteRunner.java:415)
at org.testng.SuiteRunner.run(SuiteRunner.java:364)
at org.testng.SuiteRunnerWorker.runSuite(SuiteRunnerWorker.java:52)
at org.testng.SuiteRunnerWorker.run(SuiteRunnerWorker.java:84)
at org.testng.TestNG.runSuitesSequentially(TestNG.java:1208)
at org.testng.TestNG.runSuitesLocally(TestNG.java:1137)
at org.testng.TestNG.runSuites(TestNG.java:1049)
at org.testng.TestNG.run(TestNG.java:1017)
at org.testng.remote.AbstractRemoteTestNG.run(AbstractRemoteTestNG.java:115)
at org.testng.remote.RemoteTestNG.initAndRun(RemoteTestNG.java:251)
at org.testng.remote.RemoteTestNG.main(RemoteTestNG.java:77)
]]>
            </full-stacktrace>
          </exception> <!-- java.lang.IllegalArgumentException -->
          <reporter-output>
          </reporter-output>
        </test-method> <!-- product -->
      </class> <!-- testCases.productPg -->
      <class name="testCases.listingPg">
        <test-method signature="listing()[pri:0, instance:testCases.listingPg@29fa6b65]" started-at="2019-07-27T20:18:00Z" name="listing" finished-at="2019-07-27T20:18:04Z" duration-ms="4020" status="PASS">
          <reporter-output>
          </reporter-output>
        </test-method> <!-- listing -->
      </class> <!-- testCases.listingPg -->
    </test> <!-- Test -->
  </suite> <!-- Suite -->
</testng-results>
