<?xml version="1.0" encoding="UTF-8"?>
<testng-results ignored="0" total="1" passed="1" failed="0" skipped="0">
  <reporter-output>
  </reporter-output>
  <suite started-at="2019-08-28T11:25:37 IST" name="mmtTest" finished-at="2019-08-28T11:25:50 IST" duration-ms="12519">
    <groups>
    </groups>
    <test started-at="2019-08-28T11:25:37 IST" name="test" finished-at="2019-08-28T11:25:50 IST" duration-ms="12519">
      <class name="testCases.homePage">
        <test-method is-config="true" signature="open()[pri:0, instance:testCases.homePage@7b6c6e70]" started-at="2019-08-28T11:25:30 IST" name="open" finished-at="2019-08-28T11:25:37 IST" duration-ms="7092" status="PASS">
          <reporter-output>
          </reporter-output>
        </test-method> <!-- open -->
        <test-method signature="home()[pri:0, instance:testCases.homePage@7b6c6e70]" started-at="2019-08-28T11:25:37 IST" name="home" finished-at="2019-08-28T11:25:50 IST" duration-ms="12324" status="PASS">
          <reporter-output>
          </reporter-output>
        </test-method> <!-- home -->
        <test-method is-config="true" signature="close()[pri:0, instance:testCases.homePage@7b6c6e70]" started-at="2019-08-28T11:25:50 IST" name="close" finished-at="2019-08-28T11:25:50 IST" duration-ms="156" status="PASS">
          <reporter-output>
          </reporter-output>
        </test-method> <!-- close -->
      </class> <!-- testCases.homePage -->
    </test> <!-- test -->
  </suite> <!-- mmtTest -->
</testng-results>
