<?xml version="1.0" encoding="UTF-8"?>
<!-- Generated by org.testng.reporters.JUnitXMLReporter -->
<testsuite hostname="THUNDURUS" ignored="4" name="Test" tests="3" failures="1" timestamp="15 Apr 2019 19:44:33 GMT" time="32.226" errors="0">
  <testcase name="zoop" time="13.586" classname="script.homepg"/>
  <testcase name="getAll" time="0.017" classname="script.searchpg">
    <failure type="java.lang.NullPointerException">
      <![CDATA[java.lang.NullPointerException
at org.openqa.selenium.support.pagefactory.DefaultElementLocator.findElements(DefaultElementLocator.java:85)
at org.openqa.selenium.support.pagefactory.internal.LocatingElementListHandler.invoke(LocatingElementListHandler.java:36)
at com.sun.proxy.$Proxy11.iterator(Unknown Source)
at POM.search_pg.collect(search_pg.java:27)
at script.searchpg.getAll(searchpg.java:15)
... Removed 25 stack frames]]>
    </failure>
  </testcase> <!-- getAll -->
  <testcase name="details" time="0.011" classname="script.propertypg"/>
  <testcase name="@AfterTest close" time="0.0" classname="generic.openbrowser">
    <ignored/>
  </testcase> <!-- @AfterTest close -->
  <testcase name="@AfterTest close" time="0.0" classname="generic.openbrowser">
    <ignored/>
  </testcase> <!-- @AfterTest close -->
  <testcase name="@BeforeTest open" time="0.0" classname="generic.openbrowser">
    <ignored/>
  </testcase> <!-- @BeforeTest open -->
  <testcase name="@BeforeTest open" time="0.0" classname="generic.openbrowser">
    <ignored/>
  </testcase> <!-- @BeforeTest open -->
</testsuite> <!-- Test -->
