<?xml version="1.0" encoding="UTF-8"?>
<!-- Generated by org.testng.reporters.JUnitXMLReporter -->
<testsuite ignored="6" hostname="thundurus" failures="0" tests="4" name="Test" time="28.703" errors="0" timestamp="30 Jul 2019 19:39:11 GMT">
  <testcase classname="testCases.searchPg" name="search" time="5.987"/>
  <testcase classname="testCases.listingPg" name="listing" time="3.047"/>
  <testcase classname="testCases.productPg" name="product" time="6.376"/>
  <testcase classname="testCases.minicartPop" name="miniCart" time="13.217"/>
  <testcase classname="generic.openBrowser" name="@BeforeSuite open" time="0.0">
    <ignored/>
  </testcase> <!-- @BeforeSuite open -->
  <testcase classname="generic.openBrowser" name="@BeforeSuite open" time="0.0">
    <ignored/>
  </testcase> <!-- @BeforeSuite open -->
  <testcase classname="generic.openBrowser" name="@BeforeSuite open" time="0.0">
    <ignored/>
  </testcase> <!-- @BeforeSuite open -->
  <testcase classname="generic.openBrowser" name="@AfterSuite close" time="0.0">
    <ignored/>
  </testcase> <!-- @AfterSuite close -->
  <testcase classname="generic.openBrowser" name="@AfterSuite close" time="0.0">
    <ignored/>
  </testcase> <!-- @AfterSuite close -->
  <testcase classname="generic.openBrowser" name="@AfterSuite close" time="0.0">
    <ignored/>
  </testcase> <!-- @AfterSuite close -->
</testsuite> <!-- Test -->
