<?xml version="1.0" encoding="UTF-8"?>
<!-- Generated by org.testng.reporters.JUnitXMLReporter -->
<testsuite hostname="THUNDURUS" ignored="4" name="Default test" tests="0" failures="0" timestamp="25 Apr 2019 19:07:09 GMT" time="13.199" errors="0">
  <testcase name="@BeforeTest open" time="0.0" classname="generic.openBrowser">
    <ignored/>
  </testcase> <!-- @BeforeTest open -->
  <testcase name="@BeforeTest open" time="0.0" classname="generic.openBrowser">
    <ignored/>
  </testcase> <!-- @BeforeTest open -->
  <testcase name="@AfterTest close" time="0.0" classname="generic.openBrowser">
    <ignored/>
  </testcase> <!-- @AfterTest close -->
  <testcase name="@AfterTest close" time="0.0" classname="generic.openBrowser">
    <ignored/>
  </testcase> <!-- @AfterTest close -->
</testsuite> <!-- Default test -->
